0 verbose cli /usr/local/bin/node /usr/local/bin/npm
1 info using npm@10.9.2
2 info using node@v22.16.0
3 silly config load:file:/usr/local/lib/node_modules/npm/npmrc
4 silly config load:file:/Users/yogasatyawisesa/FunThing/.npmrc
5 silly config load:file:/Users/yogasatyawisesa/.npmrc
6 silly config load:file:/usr/local/etc/npmrc
7 verbose title npm install react-router-dom
8 verbose argv "install" "--cache" "./.npm-cache" "react-router-dom"
9 verbose logfile logs-max:10 dir:/Users/yogasatyawisesa/FunThing/.npm-cache/_logs/2025-12-11T03_25_46_977Z-
10 verbose logfile /Users/yogasatyawisesa/FunThing/.npm-cache/_logs/2025-12-11T03_25_46_977Z-debug-0.log
11 silly logfile done cleaning log files
12 silly packumentCache heap:2197815296 maxSize:549453824 maxEntrySize:274726912
13 silly idealTree buildDeps
14 silly fetch manifest react-router-dom@*
15 silly packumentCache full:https://registry.npmjs.org/react-router-dom cache-miss
16 http fetch GET 200 https://registry.npmjs.org/react-router-dom 239ms (cache miss)
17 silly packumentCache full:https://registry.npmjs.org/react-router-dom set size:undefined disposed:false
18 silly fetch manifest react@^19.2.1
19 silly packumentCache full:https://registry.npmjs.org/react cache-miss
20 http cache https://registry.npmjs.org/react 11ms (cache hit)
21 silly packumentCache full:https://registry.npmjs.org/react set size:6320654 disposed:false
22 silly fetch manifest react-dom@^19.2.1
23 silly packumentCache full:https://registry.npmjs.org/react-dom cache-miss
24 http cache https://registry.npmjs.org/react-dom 11ms (cache hit)
25 silly packumentCache full:https://registry.npmjs.org/react-dom set size:8303213 disposed:false
26 silly placeDep ROOT react-router-dom@7.10.1 OK for: funthing@1.0.0 want: *
27 silly fetch manifest react-router@7.10.1
28 silly packumentCache full:https://registry.npmjs.org/react-router cache-miss
29 http fetch GET 200 https://registry.npmjs.org/react-router 1126ms (cache miss)
30 silly packumentCache full:https://registry.npmjs.org/react-router set size:undefined disposed:false
31 silly fetch manifest react@>=18
32 silly packumentCache full:https://registry.npmjs.org/react cache-miss
33 http cache https://registry.npmjs.org/react 8ms (cache hit)
34 silly packumentCache full:https://registry.npmjs.org/react set size:6320654 disposed:false
35 silly fetch manifest react-dom@>=18
36 silly packumentCache full:https://registry.npmjs.org/react-dom cache-miss
37 http cache https://registry.npmjs.org/react-dom 10ms (cache hit)
38 silly packumentCache full:https://registry.npmjs.org/react-dom set size:8303213 disposed:false
39 silly placeDep ROOT react-router@7.10.1 OK for: react-router-dom@7.10.1 want: 7.10.1
40 silly fetch manifest cookie@^1.0.1
41 silly packumentCache full:https://registry.npmjs.org/cookie cache-miss
42 silly fetch manifest set-cookie-parser@^2.6.0
43 silly packumentCache full:https://registry.npmjs.org/set-cookie-parser cache-miss
44 http fetch GET 200 https://registry.npmjs.org/cookie 45ms (cache miss)
45 silly packumentCache full:https://registry.npmjs.org/cookie set size:undefined disposed:false
46 http fetch GET 200 https://registry.npmjs.org/set-cookie-parser 137ms (cache miss)
47 silly packumentCache full:https://registry.npmjs.org/set-cookie-parser set size:undefined disposed:false
48 silly placeDep ROOT cookie@1.1.1 OK for: react-router@7.10.1 want: ^1.0.1
49 silly placeDep ROOT set-cookie-parser@2.7.2 OK for: react-router@7.10.1 want: ^2.6.0
50 silly reify moves {}
51 silly audit bulk request {
51 silly audit   '@babel/code-frame': [ '7.27.1' ],
51 silly audit   '@babel/compat-data': [ '7.28.5' ],
51 silly audit   '@babel/core': [ '7.28.5' ],
51 silly audit   '@babel/generator': [ '7.28.5' ],
51 silly audit   '@babel/helper-compilation-targets': [ '7.27.2' ],
51 silly audit   '@babel/helper-globals': [ '7.28.0' ],
51 silly audit   '@babel/helper-module-imports': [ '7.27.1' ],
51 silly audit   '@babel/helper-module-transforms': [ '7.28.3' ],
51 silly audit   '@babel/helper-plugin-utils': [ '7.27.1' ],
51 silly audit   '@babel/helper-string-parser': [ '7.27.1' ],
51 silly audit   '@babel/helper-validator-identifier': [ '7.28.5' ],
51 silly audit   '@babel/helper-validator-option': [ '7.27.1' ],
51 silly audit   '@babel/helpers': [ '7.28.4' ],
51 silly audit   '@babel/parser': [ '7.28.5' ],
51 silly audit   '@babel/plugin-transform-react-jsx-self': [ '7.27.1' ],
51 silly audit   '@babel/plugin-transform-react-jsx-source': [ '7.27.1' ],
51 silly audit   '@babel/template': [ '7.27.2' ],
51 silly audit   '@babel/traverse': [ '7.28.5' ],
51 silly audit   '@babel/types': [ '7.28.5' ],
51 silly audit   '@esbuild/aix-ppc64': [ '0.25.12' ],
51 silly audit   '@esbuild/android-arm': [ '0.25.12' ],
51 silly audit   '@esbuild/android-arm64': [ '0.25.12' ],
51 silly audit   '@esbuild/android-x64': [ '0.25.12' ],
51 silly audit   '@esbuild/darwin-arm64': [ '0.25.12' ],
51 silly audit   '@esbuild/darwin-x64': [ '0.25.12' ],
51 silly audit   '@esbuild/freebsd-arm64': [ '0.25.12' ],
51 silly audit   '@esbuild/freebsd-x64': [ '0.25.12' ],
51 silly audit   '@esbuild/linux-arm': [ '0.25.12' ],
51 silly audit   '@esbuild/linux-arm64': [ '0.25.12' ],
51 silly audit   '@esbuild/linux-ia32': [ '0.25.12' ],
51 silly audit   '@esbuild/linux-loong64': [ '0.25.12' ],
51 silly audit   '@esbuild/linux-mips64el': [ '0.25.12' ],
51 silly audit   '@esbuild/linux-ppc64': [ '0.25.12' ],
51 silly audit   '@esbuild/linux-riscv64': [ '0.25.12' ],
51 silly audit   '@esbuild/linux-s390x': [ '0.25.12' ],
51 silly audit   '@esbuild/linux-x64': [ '0.25.12' ],
51 silly audit   '@esbuild/netbsd-arm64': [ '0.25.12' ],
51 silly audit   '@esbuild/netbsd-x64': [ '0.25.12' ],
51 silly audit   '@esbuild/openbsd-arm64': [ '0.25.12' ],
51 silly audit   '@esbuild/openbsd-x64': [ '0.25.12' ],
51 silly audit   '@esbuild/openharmony-arm64': [ '0.25.12' ],
51 silly audit   '@esbuild/sunos-x64': [ '0.25.12' ],
51 silly audit   '@esbuild/win32-arm64': [ '0.25.12' ],
51 silly audit   '@esbuild/win32-ia32': [ '0.25.12' ],
51 silly audit   '@esbuild/win32-x64': [ '0.25.12' ],
51 silly audit   '@jridgewell/gen-mapping': [ '0.3.13' ],
51 silly audit   '@jridgewell/remapping': [ '2.3.5' ],
51 silly audit   '@jridgewell/resolve-uri': [ '3.1.2' ],
51 silly audit   '@jridgewell/sourcemap-codec': [ '1.5.5' ],
51 silly audit   '@jridgewell/trace-mapping': [ '0.3.31' ],
51 silly audit   '@kurkle/color': [ '0.3.4' ],
51 silly audit   '@rolldown/pluginutils': [ '1.0.0-beta.53' ],
51 silly audit   '@rollup/rollup-android-arm-eabi': [ '4.53.3' ],
51 silly audit   '@rollup/rollup-android-arm64': [ '4.53.3' ],
51 silly audit   '@rollup/rollup-darwin-arm64': [ '4.53.3' ],
51 silly audit   '@rollup/rollup-darwin-x64': [ '4.53.3' ],
51 silly audit   '@rollup/rollup-freebsd-arm64': [ '4.53.3' ],
51 silly audit   '@rollup/rollup-freebsd-x64': [ '4.53.3' ],
51 silly audit   '@rollup/rollup-linux-arm-gnueabihf': [ '4.53.3' ],
51 silly audit   '@rollup/rollup-linux-arm-musleabihf': [ '4.53.3' ],
51 silly audit   '@rollup/rollup-linux-arm64-gnu': [ '4.53.3' ],
51 silly audit   '@rollup/rollup-linux-arm64-musl': [ '4.53.3' ],
51 silly audit   '@rollup/rollup-linux-loong64-gnu': [ '4.53.3' ],
51 silly audit   '@rollup/rollup-linux-ppc64-gnu': [ '4.53.3' ],
51 silly audit   '@rollup/rollup-linux-riscv64-gnu': [ '4.53.3' ],
51 silly audit   '@rollup/rollup-linux-riscv64-musl': [ '4.53.3' ],
51 silly audit   '@rollup/rollup-linux-s390x-gnu': [ '4.53.3' ],
51 silly audit   '@rollup/rollup-linux-x64-gnu': [ '4.53.3' ],
51 silly audit   '@rollup/rollup-linux-x64-musl': [ '4.53.3' ],
51 silly audit   '@rollup/rollup-openharmony-arm64': [ '4.53.3' ],
51 silly audit   '@rollup/rollup-win32-arm64-msvc': [ '4.53.3' ],
51 silly audit   '@rollup/rollup-win32-ia32-msvc': [ '4.53.3' ],
51 silly audit   '@rollup/rollup-win32-x64-gnu': [ '4.53.3' ],
51 silly audit   '@rollup/rollup-win32-x64-msvc': [ '4.53.3' ],
51 silly audit   '@types/babel__core': [ '7.20.5' ],
51 silly audit   '@types/babel__generator': [ '7.27.0' ],
51 silly audit   '@types/babel__template': [ '7.4.4' ],
51 silly audit   '@types/babel__traverse': [ '7.28.0' ],
51 silly audit   '@types/estree': [ '1.0.8' ],
51 silly audit   '@vitejs/plugin-react': [ '5.1.2' ],
51 silly audit   'baseline-browser-mapping': [ '2.9.6' ],
51 silly audit   browserslist: [ '4.28.1' ],
51 silly audit   'caniuse-lite': [ '1.0.30001760' ],
51 silly audit   'chart.js': [ '4.5.1' ],
51 silly audit   'convert-source-map': [ '2.0.0' ],
51 silly audit   'date-fns': [ '4.1.0' ],
51 silly audit   debug: [ '4.4.3' ],
51 silly audit   'electron-to-chromium': [ '1.5.267' ],
51 silly audit   esbuild: [ '0.25.12' ],
51 silly audit   escalade: [ '3.2.0' ],
51 silly audit   fdir: [ '6.5.0' ],
51 silly audit   fsevents: [ '2.3.3' ],
51 silly audit   gensync: [ '1.0.0-beta.2' ],
51 silly audit   'js-tokens': [ '4.0.0' ],
51 silly audit   jsesc: [ '3.1.0' ],
51 silly audit   json5: [ '2.2.3' ],
51 silly audit   'lru-cache': [ '5.1.1' ],
51 silly audit   'lucide-react': [ '0.559.0' ],
51 silly audit   ms: [ '2.1.3' ],
51 silly audit   nanoid: [ '3.3.11' ],
51 silly audit   'node-releases': [ '2.0.27' ],
51 silly audit   picocolors: [ '1.1.1' ],
51 silly audit   picomatch: [ '4.0.3' ],
51 silly audit   postcss: [ '8.5.6' ],
51 silly audit   react: [ '19.2.1' ],
51 silly audit   'react-chartjs-2': [ '5.3.1' ],
51 silly audit   'react-dom': [ '19.2.1' ],
51 silly audit   'react-refresh': [ '0.18.0' ],
51 silly audit   rollup: [ '4.53.3' ],
51 silly audit   scheduler: [ '0.27.0' ],
51 silly audit   semver: [ '6.3.1' ],
51 silly audit   'source-map-js': [ '1.2.1' ],
51 silly audit   tinyglobby: [ '0.2.15' ],
51 silly audit   'update-browserslist-db': [ '1.2.2' ],
51 silly audit   vite: [ '7.2.7' ],
51 silly audit   yallist: [ '3.1.1' ],
51 silly audit   'react-router-dom': [ '7.10.1' ],
51 silly audit   'react-router': [ '7.10.1' ],
51 silly audit   cookie: [ '1.1.1' ],
51 silly audit   'set-cookie-parser': [ '2.7.2' ]
51 silly audit }
52 verbose reify failed optional dependency /Users/yogasatyawisesa/FunThing/node_modules/@rollup/rollup-win32-x64-msvc
53 silly reify mark deleted [
53 silly reify   '/Users/yogasatyawisesa/FunThing/node_modules/@rollup/rollup-win32-x64-msvc'
53 silly reify ]
54 verbose reify failed optional dependency /Users/yogasatyawisesa/FunThing/node_modules/@rollup/rollup-win32-x64-gnu
55 silly reify mark deleted [
55 silly reify   '/Users/yogasatyawisesa/FunThing/node_modules/@rollup/rollup-win32-x64-gnu'
55 silly reify ]
56 verbose reify failed optional dependency /Users/yogasatyawisesa/FunThing/node_modules/@rollup/rollup-win32-ia32-msvc
57 silly reify mark deleted [
57 silly reify   '/Users/yogasatyawisesa/FunThing/node_modules/@rollup/rollup-win32-ia32-msvc'
57 silly reify ]
58 verbose reify failed optional dependency /Users/yogasatyawisesa/FunThing/node_modules/@rollup/rollup-win32-arm64-msvc
59 silly reify mark deleted [
59 silly reify   '/Users/yogasatyawisesa/FunThing/node_modules/@rollup/rollup-win32-arm64-msvc'
59 silly reify ]
60 verbose reify failed optional dependency /Users/yogasatyawisesa/FunThing/node_modules/@rollup/rollup-openharmony-arm64
61 silly reify mark deleted [
61 silly reify   '/Users/yogasatyawisesa/FunThing/node_modules/@rollup/rollup-openharmony-arm64'
61 silly reify ]
62 verbose reify failed optional dependency /Users/yogasatyawisesa/FunThing/node_modules/@rollup/rollup-linux-x64-musl
63 silly reify mark deleted [
63 silly reify   '/Users/yogasatyawisesa/FunThing/node_modules/@rollup/rollup-linux-x64-musl'
63 silly reify ]
64 verbose reify failed optional dependency /Users/yogasatyawisesa/FunThing/node_modules/@rollup/rollup-linux-x64-gnu
65 silly reify mark deleted [
65 silly reify   '/Users/yogasatyawisesa/FunThing/node_modules/@rollup/rollup-linux-x64-gnu'
65 silly reify ]
66 verbose reify failed optional dependency /Users/yogasatyawisesa/FunThing/node_modules/@rollup/rollup-linux-s390x-gnu
67 silly reify mark deleted [
67 silly reify   '/Users/yogasatyawisesa/FunThing/node_modules/@rollup/rollup-linux-s390x-gnu'
67 silly reify ]
68 verbose reify failed optional dependency /Users/yogasatyawisesa/FunThing/node_modules/@rollup/rollup-linux-riscv64-musl
69 silly reify mark deleted [
69 silly reify   '/Users/yogasatyawisesa/FunThing/node_modules/@rollup/rollup-linux-riscv64-musl'
69 silly reify ]
70 verbose reify failed optional dependency /Users/yogasatyawisesa/FunThing/node_modules/@rollup/rollup-linux-riscv64-gnu
71 silly reify mark deleted [
71 silly reify   '/Users/yogasatyawisesa/FunThing/node_modules/@rollup/rollup-linux-riscv64-gnu'
71 silly reify ]
72 verbose reify failed optional dependency /Users/yogasatyawisesa/FunThing/node_modules/@rollup/rollup-linux-ppc64-gnu
73 silly reify mark deleted [
73 silly reify   '/Users/yogasatyawisesa/FunThing/node_modules/@rollup/rollup-linux-ppc64-gnu'
73 silly reify ]
74 verbose reify failed optional dependency /Users/yogasatyawisesa/FunThing/node_modules/@rollup/rollup-linux-loong64-gnu
75 silly reify mark deleted [
75 silly reify   '/Users/yogasatyawisesa/FunThing/node_modules/@rollup/rollup-linux-loong64-gnu'
75 silly reify ]
76 verbose reify failed optional dependency /Users/yogasatyawisesa/FunThing/node_modules/@rollup/rollup-linux-arm64-musl
77 silly reify mark deleted [
77 silly reify   '/Users/yogasatyawisesa/FunThing/node_modules/@rollup/rollup-linux-arm64-musl'
77 silly reify ]
78 verbose reify failed optional dependency /Users/yogasatyawisesa/FunThing/node_modules/@rollup/rollup-linux-arm64-gnu
79 silly reify mark deleted [
79 silly reify   '/Users/yogasatyawisesa/FunThing/node_modules/@rollup/rollup-linux-arm64-gnu'
79 silly reify ]
80 verbose reify failed optional dependency /Users/yogasatyawisesa/FunThing/node_modules/@rollup/rollup-linux-arm-musleabihf
81 silly reify mark deleted [
81 silly reify   '/Users/yogasatyawisesa/FunThing/node_modules/@rollup/rollup-linux-arm-musleabihf'
81 silly reify ]
82 verbose reify failed optional dependency /Users/yogasatyawisesa/FunThing/node_modules/@rollup/rollup-linux-arm-gnueabihf
83 silly reify mark deleted [
83 silly reify   '/Users/yogasatyawisesa/FunThing/node_modules/@rollup/rollup-linux-arm-gnueabihf'
83 silly reify ]
84 verbose reify failed optional dependency /Users/yogasatyawisesa/FunThing/node_modules/@rollup/rollup-freebsd-x64
85 silly reify mark deleted [
85 silly reify   '/Users/yogasatyawisesa/FunThing/node_modules/@rollup/rollup-freebsd-x64'
85 silly reify ]
86 verbose reify failed optional dependency /Users/yogasatyawisesa/FunThing/node_modules/@rollup/rollup-freebsd-arm64
87 silly reify mark deleted [
87 silly reify   '/Users/yogasatyawisesa/FunThing/node_modules/@rollup/rollup-freebsd-arm64'
87 silly reify ]
88 verbose reify failed optional dependency /Users/yogasatyawisesa/FunThing/node_modules/@rollup/rollup-darwin-x64
89 silly reify mark deleted [
89 silly reify   '/Users/yogasatyawisesa/FunThing/node_modules/@rollup/rollup-darwin-x64'
89 silly reify ]
90 verbose reify failed optional dependency /Users/yogasatyawisesa/FunThing/node_modules/@rollup/rollup-android-arm64
91 silly reify mark deleted [
91 silly reify   '/Users/yogasatyawisesa/FunThing/node_modules/@rollup/rollup-android-arm64'
91 silly reify ]
92 verbose reify failed optional dependency /Users/yogasatyawisesa/FunThing/node_modules/@rollup/rollup-android-arm-eabi
93 silly reify mark deleted [
93 silly reify   '/Users/yogasatyawisesa/FunThing/node_modules/@rollup/rollup-android-arm-eabi'
93 silly reify ]
94 verbose reify failed optional dependency /Users/yogasatyawisesa/FunThing/node_modules/@esbuild/win32-x64
95 silly reify mark deleted [ '/Users/yogasatyawisesa/FunThing/node_modules/@esbuild/win32-x64' ]
96 verbose reify failed optional dependency /Users/yogasatyawisesa/FunThing/node_modules/@esbuild/win32-ia32
97 silly reify mark deleted [ '/Users/yogasatyawisesa/FunThing/node_modules/@esbuild/win32-ia32' ]
98 verbose reify failed optional dependency /Users/yogasatyawisesa/FunThing/node_modules/@esbuild/win32-arm64
99 silly reify mark deleted [ '/Users/yogasatyawisesa/FunThing/node_modules/@esbuild/win32-arm64' ]
100 verbose reify failed optional dependency /Users/yogasatyawisesa/FunThing/node_modules/@esbuild/sunos-x64
101 silly reify mark deleted [ '/Users/yogasatyawisesa/FunThing/node_modules/@esbuild/sunos-x64' ]
102 verbose reify failed optional dependency /Users/yogasatyawisesa/FunThing/node_modules/@esbuild/openharmony-arm64
103 silly reify mark deleted [
103 silly reify   '/Users/yogasatyawisesa/FunThing/node_modules/@esbuild/openharmony-arm64'
103 silly reify ]
104 verbose reify failed optional dependency /Users/yogasatyawisesa/FunThing/node_modules/@esbuild/openbsd-x64
105 silly reify mark deleted [ '/Users/yogasatyawisesa/FunThing/node_modules/@esbuild/openbsd-x64' ]
106 verbose reify failed optional dependency /Users/yogasatyawisesa/FunThing/node_modules/@esbuild/openbsd-arm64
107 silly reify mark deleted [
107 silly reify   '/Users/yogasatyawisesa/FunThing/node_modules/@esbuild/openbsd-arm64'
107 silly reify ]
108 verbose reify failed optional dependency /Users/yogasatyawisesa/FunThing/node_modules/@esbuild/netbsd-x64
109 silly reify mark deleted [ '/Users/yogasatyawisesa/FunThing/node_modules/@esbuild/netbsd-x64' ]
110 verbose reify failed optional dependency /Users/yogasatyawisesa/FunThing/node_modules/@esbuild/netbsd-arm64
111 silly reify mark deleted [
111 silly reify   '/Users/yogasatyawisesa/FunThing/node_modules/@esbuild/netbsd-arm64'
111 silly reify ]
112 verbose reify failed optional dependency /Users/yogasatyawisesa/FunThing/node_modules/@esbuild/linux-x64
113 silly reify mark deleted [ '/Users/yogasatyawisesa/FunThing/node_modules/@esbuild/linux-x64' ]
114 verbose reify failed optional dependency /Users/yogasatyawisesa/FunThing/node_modules/@esbuild/linux-s390x
115 silly reify mark deleted [ '/Users/yogasatyawisesa/FunThing/node_modules/@esbuild/linux-s390x' ]
116 verbose reify failed optional dependency /Users/yogasatyawisesa/FunThing/node_modules/@esbuild/linux-riscv64
117 silly reify mark deleted [
117 silly reify   '/Users/yogasatyawisesa/FunThing/node_modules/@esbuild/linux-riscv64'
117 silly reify ]
118 verbose reify failed optional dependency /Users/yogasatyawisesa/FunThing/node_modules/@esbuild/linux-ppc64
119 silly reify mark deleted [ '/Users/yogasatyawisesa/FunThing/node_modules/@esbuild/linux-ppc64' ]
120 verbose reify failed optional dependency /Users/yogasatyawisesa/FunThing/node_modules/@esbuild/linux-mips64el
121 silly reify mark deleted [
121 silly reify   '/Users/yogasatyawisesa/FunThing/node_modules/@esbuild/linux-mips64el'
121 silly reify ]
122 verbose reify failed optional dependency /Users/yogasatyawisesa/FunThing/node_modules/@esbuild/linux-loong64
123 silly reify mark deleted [
123 silly reify   '/Users/yogasatyawisesa/FunThing/node_modules/@esbuild/linux-loong64'
123 silly reify ]
124 verbose reify failed optional dependency /Users/yogasatyawisesa/FunThing/node_modules/@esbuild/linux-ia32
125 silly reify mark deleted [ '/Users/yogasatyawisesa/FunThing/node_modules/@esbuild/linux-ia32' ]
126 verbose reify failed optional dependency /Users/yogasatyawisesa/FunThing/node_modules/@esbuild/linux-arm64
127 silly reify mark deleted [ '/Users/yogasatyawisesa/FunThing/node_modules/@esbuild/linux-arm64' ]
128 verbose reify failed optional dependency /Users/yogasatyawisesa/FunThing/node_modules/@esbuild/linux-arm
129 silly reify mark deleted [ '/Users/yogasatyawisesa/FunThing/node_modules/@esbuild/linux-arm' ]
130 verbose reify failed optional dependency /Users/yogasatyawisesa/FunThing/node_modules/@esbuild/freebsd-x64
131 silly reify mark deleted [ '/Users/yogasatyawisesa/FunThing/node_modules/@esbuild/freebsd-x64' ]
132 verbose reify failed optional dependency /Users/yogasatyawisesa/FunThing/node_modules/@esbuild/freebsd-arm64
133 silly reify mark deleted [
133 silly reify   '/Users/yogasatyawisesa/FunThing/node_modules/@esbuild/freebsd-arm64'
133 silly reify ]
134 verbose reify failed optional dependency /Users/yogasatyawisesa/FunThing/node_modules/@esbuild/darwin-x64
135 silly reify mark deleted [ '/Users/yogasatyawisesa/FunThing/node_modules/@esbuild/darwin-x64' ]
136 verbose reify failed optional dependency /Users/yogasatyawisesa/FunThing/node_modules/@esbuild/android-x64
137 silly reify mark deleted [ '/Users/yogasatyawisesa/FunThing/node_modules/@esbuild/android-x64' ]
138 verbose reify failed optional dependency /Users/yogasatyawisesa/FunThing/node_modules/@esbuild/android-arm64
139 silly reify mark deleted [
139 silly reify   '/Users/yogasatyawisesa/FunThing/node_modules/@esbuild/android-arm64'
139 silly reify ]
140 verbose reify failed optional dependency /Users/yogasatyawisesa/FunThing/node_modules/@esbuild/android-arm
141 silly reify mark deleted [ '/Users/yogasatyawisesa/FunThing/node_modules/@esbuild/android-arm' ]
142 verbose reify failed optional dependency /Users/yogasatyawisesa/FunThing/node_modules/@esbuild/aix-ppc64
143 silly reify mark deleted [ '/Users/yogasatyawisesa/FunThing/node_modules/@esbuild/aix-ppc64' ]
144 http cache set-cookie-parser@https://registry.npmjs.org/set-cookie-parser/-/set-cookie-parser-2.7.2.tgz 0ms (cache hit)
145 http cache cookie@https://registry.npmjs.org/cookie/-/cookie-1.1.1.tgz 0ms (cache hit)
146 http cache fsevents@https://registry.npmjs.org/fsevents/-/fsevents-2.3.3.tgz 0ms (cache hit)
147 silly tarball no local data for set-cookie-parser@https://registry.npmjs.org/set-cookie-parser/-/set-cookie-parser-2.7.2.tgz. Extracting by manifest.
148 silly tarball no local data for cookie@https://registry.npmjs.org/cookie/-/cookie-1.1.1.tgz. Extracting by manifest.
149 http cache react-router@https://registry.npmjs.org/react-router/-/react-router-7.10.1.tgz 0ms (cache hit)
150 http cache react-router-dom@https://registry.npmjs.org/react-router-dom/-/react-router-dom-7.10.1.tgz 0ms (cache hit)
151 silly tarball no local data for react-router@https://registry.npmjs.org/react-router/-/react-router-7.10.1.tgz. Extracting by manifest.
152 silly tarball no local data for react-router-dom@https://registry.npmjs.org/react-router-dom/-/react-router-dom-7.10.1.tgz. Extracting by manifest.
153 http fetch GET 200 https://registry.npmjs.org/set-cookie-parser/-/set-cookie-parser-2.7.2.tgz 49ms (cache miss)
154 http fetch GET 200 https://registry.npmjs.org/react-router-dom/-/react-router-dom-7.10.1.tgz 146ms (cache miss)
155 http fetch GET 200 https://registry.npmjs.org/cookie/-/cookie-1.1.1.tgz 156ms (cache miss)
156 http fetch POST 200 https://registry.npmjs.org/-/npm/v1/security/advisories/bulk 272ms
157 silly audit report {}
158 http fetch GET 200 https://registry.npmjs.org/react-router/-/react-router-7.10.1.tgz 265ms (cache miss)
159 silly ADD node_modules/set-cookie-parser
160 silly ADD node_modules/cookie
161 silly ADD node_modules/react-router
162 silly ADD node_modules/react-router-dom
163 silly ADD node_modules/fsevents
164 silly ADD
165 silly ADD
166 silly ADD
167 silly ADD
168 silly ADD
169 silly ADD
170 silly ADD
171 silly ADD
172 silly ADD
173 silly ADD
174 silly ADD
175 silly ADD
176 silly ADD
177 silly ADD
178 silly ADD
179 silly ADD
180 silly ADD
181 silly ADD
182 silly ADD
183 silly ADD
184 silly ADD
185 silly ADD
186 silly ADD
187 silly ADD
188 silly ADD
189 silly ADD
190 silly ADD
191 silly ADD
192 silly ADD
193 silly ADD
194 silly ADD
195 silly ADD
196 silly ADD
197 silly ADD
198 silly ADD
199 silly ADD
200 silly ADD
201 silly ADD
202 silly ADD
203 silly ADD
204 silly ADD
205 silly ADD
206 silly ADD
207 silly ADD
208 silly ADD
209 silly ADD
210 verbose cwd /Users/yogasatyawisesa/FunThing
211 verbose os Darwin 25.1.0
212 verbose node v22.16.0
213 verbose npm  v10.9.2
214 verbose exit 0
215 info ok
